<?xml version="1.0" encoding="UTF-8"?>
<!-- Generated by org.testng.reporters.JUnitReportReporter -->
<testsuite hostname="LAPTOP-2UUIU6HB" failures="0" tests="1" name="testpkg.TestBot" time="50.443" errors="0" timestamp="2023-09-26T19:11:57 IST" skipped="0">
  <testcase classname="testpkg.TestBot" name="testrun" time="50.443"/>
</testsuite> <!-- testpkg.TestBot -->
